CRITICAL - 2023-09-24 10:32:14 --> Invalid file: "/include/upload.php"
in SYSTEMPATH\Exceptions\FrameworkException.php on line 39.
 1 SYSTEMPATH\View\View.php(214): CodeIgniter\Exceptions\FrameworkException::forInvalidFile('/include/upload.php')
 2 SYSTEMPATH\View\View.php(467): CodeIgniter\View\View->render('/include/upload', null, true)
 3 APPPATH\Views\welcome_message.php(6): CodeIgniter\View\View->include('/include/upload')
 4 SYSTEMPATH\View\View.php(226): include('C:\\laragon\\www\\Music_Player\\app\\Views\\welcome_message.php')
 5 SYSTEMPATH\View\View.php(229): CodeIgniter\View\View->CodeIgniter\View\{closure}()
 6 SYSTEMPATH\Common.php(1188): CodeIgniter\View\View->render('welcome_message', [], true)
 7 APPPATH\Controllers\Home.php(9): view('welcome_message')
 8 SYSTEMPATH\CodeIgniter.php(919): App\Controllers\Home->index()
 9 SYSTEMPATH\CodeIgniter.php(494): CodeIgniter\CodeIgniter->runController(Object(App\Controllers\Home))
10 SYSTEMPATH\CodeIgniter.php(353): CodeIgniter\CodeIgniter->handleRequest(null, Object(Config\Cache), false)
11 FCPATH\index.php(79): CodeIgniter\CodeIgniter->run()
12 SYSTEMPATH\Commands\Server\rewrite.php(47): require_once('C:\\laragon\\www\\Music_Player\\public\\index.php')
ERROR - 2023-09-24 10:37:58 --> Error connecting to the database: mysqli_sql_exception: Unknown database 'product' in C:\laragon\www\Music_Player\system\Database\MySQLi\Connection.php:185
Stack trace:
#0 C:\laragon\www\Music_Player\system\Database\MySQLi\Connection.php(185): mysqli->real_connect('localhost', 'root', '', 'product', 3306, '', 0)
#1 C:\laragon\www\Music_Player\system\Database\BaseConnection.php(391): CodeIgniter\Database\MySQLi\Connection->connect(false)
#2 C:\laragon\www\Music_Player\system\Database\BaseConnection.php(574): CodeIgniter\Database\BaseConnection->initialize()
#3 C:\laragon\www\Music_Player\system\Database\BaseBuilder.php(1615): CodeIgniter\Database\BaseConnection->query('SELECT *\nFROM `...', Array, false)
#4 C:\laragon\www\Music_Player\system\Model.php(237): CodeIgniter\Database\BaseBuilder->get()
#5 C:\laragon\www\Music_Player\system\BaseModel.php(624): CodeIgniter\Model->doFindAll(0, 0)
#6 C:\laragon\www\Music_Player\app\Controllers\MusicController.php(13): CodeIgniter\BaseModel->findAll()
#7 C:\laragon\www\Music_Player\system\CodeIgniter.php(919): App\Controllers\MusicController->index()
#8 C:\laragon\www\Music_Player\system\CodeIgniter.php(494): CodeIgniter\CodeIgniter->runController(Object(App\Controllers\MusicController))
#9 C:\laragon\www\Music_Player\system\CodeIgniter.php(353): CodeIgniter\CodeIgniter->handleRequest(NULL, Object(Config\Cache), false)
#10 C:\laragon\www\Music_Player\public\index.php(79): CodeIgniter\CodeIgniter->run()
#11 C:\laragon\www\Music_Player\system\Commands\Server\rewrite.php(47): require_once('C:\\laragon\\www\\...')
#12 {main}

Next CodeIgniter\Database\Exceptions\DatabaseException: Unknown database 'product' in C:\laragon\www\Music_Player\system\Database\MySQLi\Connection.php:229
Stack trace:
#0 C:\laragon\www\Music_Player\system\Database\BaseConnection.php(391): CodeIgniter\Database\MySQLi\Connection->connect(false)
#1 C:\laragon\www\Music_Player\system\Database\BaseConnection.php(574): CodeIgniter\Database\BaseConnection->initialize()
#2 C:\laragon\www\Music_Player\system\Database\BaseBuilder.php(1615): CodeIgniter\Database\BaseConnection->query('SELECT *\nFROM `...', Array, false)
#3 C:\laragon\www\Music_Player\system\Model.php(237): CodeIgniter\Database\BaseBuilder->get()
#4 C:\laragon\www\Music_Player\system\BaseModel.php(624): CodeIgniter\Model->doFindAll(0, 0)
#5 C:\laragon\www\Music_Player\app\Controllers\MusicController.php(13): CodeIgniter\BaseModel->findAll()
#6 C:\laragon\www\Music_Player\system\CodeIgniter.php(919): App\Controllers\MusicController->index()
#7 C:\laragon\www\Music_Player\system\CodeIgniter.php(494): CodeIgniter\CodeIgniter->runController(Object(App\Controllers\MusicController))
#8 C:\laragon\www\Music_Player\system\CodeIgniter.php(353): CodeIgniter\CodeIgniter->handleRequest(NULL, Object(Config\Cache), false)
#9 C:\laragon\www\Music_Player\public\index.php(79): CodeIgniter\CodeIgniter->run()
#10 C:\laragon\www\Music_Player\system\Commands\Server\rewrite.php(47): require_once('C:\\laragon\\www\\...')
#11 {main}
CRITICAL - 2023-09-24 10:37:58 --> Unable to connect to the database.
Main connection [MySQLi]: Unknown database 'product'
in SYSTEMPATH\Database\BaseConnection.php on line 427.
 1 SYSTEMPATH\Database\BaseConnection.php(574): CodeIgniter\Database\BaseConnection->initialize()
 2 SYSTEMPATH\Database\BaseBuilder.php(1615): CodeIgniter\Database\BaseConnection->query('SELECT *
FROM `musicplayer`', [], false)
 3 SYSTEMPATH\Model.php(237): CodeIgniter\Database\BaseBuilder->get()
 4 SYSTEMPATH\BaseModel.php(624): CodeIgniter\Model->doFindAll(0, 0)
 5 APPPATH\Controllers\MusicController.php(13): CodeIgniter\BaseModel->findAll()
 6 SYSTEMPATH\CodeIgniter.php(919): App\Controllers\MusicController->index()
 7 SYSTEMPATH\CodeIgniter.php(494): CodeIgniter\CodeIgniter->runController(Object(App\Controllers\MusicController))
 8 SYSTEMPATH\CodeIgniter.php(353): CodeIgniter\CodeIgniter->handleRequest(null, Object(Config\Cache), false)
 9 FCPATH\index.php(79): CodeIgniter\CodeIgniter->run()
10 SYSTEMPATH\Commands\Server\rewrite.php(47): require_once('C:\\laragon\\www\\Music_Player\\public\\index.php')
ERROR - 2023-09-24 10:38:37 --> Error connecting to the database: mysqli_sql_exception: Unknown database 'product' in C:\laragon\www\Music_Player\system\Database\MySQLi\Connection.php:185
Stack trace:
#0 C:\laragon\www\Music_Player\system\Database\MySQLi\Connection.php(185): mysqli->real_connect('localhost', 'root', '', 'product', 3306, '', 0)
#1 C:\laragon\www\Music_Player\system\Database\BaseConnection.php(391): CodeIgniter\Database\MySQLi\Connection->connect(false)
#2 C:\laragon\www\Music_Player\system\Database\BaseConnection.php(574): CodeIgniter\Database\BaseConnection->initialize()
#3 C:\laragon\www\Music_Player\system\Database\BaseBuilder.php(1615): CodeIgniter\Database\BaseConnection->query('SELECT *\nFROM `...', Array, false)
#4 C:\laragon\www\Music_Player\system\Model.php(237): CodeIgniter\Database\BaseBuilder->get()
#5 C:\laragon\www\Music_Player\system\BaseModel.php(624): CodeIgniter\Model->doFindAll(0, 0)
#6 C:\laragon\www\Music_Player\app\Controllers\MusicController.php(13): CodeIgniter\BaseModel->findAll()
#7 C:\laragon\www\Music_Player\system\CodeIgniter.php(919): App\Controllers\MusicController->index()
#8 C:\laragon\www\Music_Player\system\CodeIgniter.php(494): CodeIgniter\CodeIgniter->runController(Object(App\Controllers\MusicController))
#9 C:\laragon\www\Music_Player\system\CodeIgniter.php(353): CodeIgniter\CodeIgniter->handleRequest(NULL, Object(Config\Cache), false)
#10 C:\laragon\www\Music_Player\public\index.php(79): CodeIgniter\CodeIgniter->run()
#11 C:\laragon\www\Music_Player\system\Commands\Server\rewrite.php(47): require_once('C:\\laragon\\www\\...')
#12 {main}

Next CodeIgniter\Database\Exceptions\DatabaseException: Unknown database 'product' in C:\laragon\www\Music_Player\system\Database\MySQLi\Connection.php:229
Stack trace:
#0 C:\laragon\www\Music_Player\system\Database\BaseConnection.php(391): CodeIgniter\Database\MySQLi\Connection->connect(false)
#1 C:\laragon\www\Music_Player\system\Database\BaseConnection.php(574): CodeIgniter\Database\BaseConnection->initialize()
#2 C:\laragon\www\Music_Player\system\Database\BaseBuilder.php(1615): CodeIgniter\Database\BaseConnection->query('SELECT *\nFROM `...', Array, false)
#3 C:\laragon\www\Music_Player\system\Model.php(237): CodeIgniter\Database\BaseBuilder->get()
#4 C:\laragon\www\Music_Player\system\BaseModel.php(624): CodeIgniter\Model->doFindAll(0, 0)
#5 C:\laragon\www\Music_Player\app\Controllers\MusicController.php(13): CodeIgniter\BaseModel->findAll()
#6 C:\laragon\www\Music_Player\system\CodeIgniter.php(919): App\Controllers\MusicController->index()
#7 C:\laragon\www\Music_Player\system\CodeIgniter.php(494): CodeIgniter\CodeIgniter->runController(Object(App\Controllers\MusicController))
#8 C:\laragon\www\Music_Player\system\CodeIgniter.php(353): CodeIgniter\CodeIgniter->handleRequest(NULL, Object(Config\Cache), false)
#9 C:\laragon\www\Music_Player\public\index.php(79): CodeIgniter\CodeIgniter->run()
#10 C:\laragon\www\Music_Player\system\Commands\Server\rewrite.php(47): require_once('C:\\laragon\\www\\...')
#11 {main}
CRITICAL - 2023-09-24 10:38:37 --> Unable to connect to the database.
Main connection [MySQLi]: Unknown database 'product'
in SYSTEMPATH\Database\BaseConnection.php on line 427.
 1 SYSTEMPATH\Database\BaseConnection.php(574): CodeIgniter\Database\BaseConnection->initialize()
 2 SYSTEMPATH\Database\BaseBuilder.php(1615): CodeIgniter\Database\BaseConnection->query('SELECT *
FROM `musicplayer`', [], false)
 3 SYSTEMPATH\Model.php(237): CodeIgniter\Database\BaseBuilder->get()
 4 SYSTEMPATH\BaseModel.php(624): CodeIgniter\Model->doFindAll(0, 0)
 5 APPPATH\Controllers\MusicController.php(13): CodeIgniter\BaseModel->findAll()
 6 SYSTEMPATH\CodeIgniter.php(919): App\Controllers\MusicController->index()
 7 SYSTEMPATH\CodeIgniter.php(494): CodeIgniter\CodeIgniter->runController(Object(App\Controllers\MusicController))
 8 SYSTEMPATH\CodeIgniter.php(353): CodeIgniter\CodeIgniter->handleRequest(null, Object(Config\Cache), false)
 9 FCPATH\index.php(79): CodeIgniter\CodeIgniter->run()
10 SYSTEMPATH\Commands\Server\rewrite.php(47): require_once('C:\\laragon\\www\\Music_Player\\public\\index.php')
ERROR - 2023-09-24 10:40:11 --> Error connecting to the database: mysqli_sql_exception: Unknown database 'product' in C:\laragon\www\Music_Player\system\Database\MySQLi\Connection.php:185
Stack trace:
#0 C:\laragon\www\Music_Player\system\Database\MySQLi\Connection.php(185): mysqli->real_connect('localhost', 'root', '', 'product', 3306, '', 0)
#1 C:\laragon\www\Music_Player\system\Database\BaseConnection.php(391): CodeIgniter\Database\MySQLi\Connection->connect(false)
#2 C:\laragon\www\Music_Player\system\Database\BaseConnection.php(574): CodeIgniter\Database\BaseConnection->initialize()
#3 C:\laragon\www\Music_Player\system\Database\BaseBuilder.php(1615): CodeIgniter\Database\BaseConnection->query('SELECT *\nFROM `...', Array, false)
#4 C:\laragon\www\Music_Player\system\Model.php(237): CodeIgniter\Database\BaseBuilder->get()
#5 C:\laragon\www\Music_Player\system\BaseModel.php(624): CodeIgniter\Model->doFindAll(0, 0)
#6 C:\laragon\www\Music_Player\app\Controllers\MusicController.php(13): CodeIgniter\BaseModel->findAll()
#7 C:\laragon\www\Music_Player\system\CodeIgniter.php(919): App\Controllers\MusicController->index()
#8 C:\laragon\www\Music_Player\system\CodeIgniter.php(494): CodeIgniter\CodeIgniter->runController(Object(App\Controllers\MusicController))
#9 C:\laragon\www\Music_Player\system\CodeIgniter.php(353): CodeIgniter\CodeIgniter->handleRequest(NULL, Object(Config\Cache), false)
#10 C:\laragon\www\Music_Player\public\index.php(79): CodeIgniter\CodeIgniter->run()
#11 C:\laragon\www\Music_Player\system\Commands\Server\rewrite.php(47): require_once('C:\\laragon\\www\\...')
#12 {main}

Next CodeIgniter\Database\Exceptions\DatabaseException: Unknown database 'product' in C:\laragon\www\Music_Player\system\Database\MySQLi\Connection.php:229
Stack trace:
#0 C:\laragon\www\Music_Player\system\Database\BaseConnection.php(391): CodeIgniter\Database\MySQLi\Connection->connect(false)
#1 C:\laragon\www\Music_Player\system\Database\BaseConnection.php(574): CodeIgniter\Database\BaseConnection->initialize()
#2 C:\laragon\www\Music_Player\system\Database\BaseBuilder.php(1615): CodeIgniter\Database\BaseConnection->query('SELECT *\nFROM `...', Array, false)
#3 C:\laragon\www\Music_Player\system\Model.php(237): CodeIgniter\Database\BaseBuilder->get()
#4 C:\laragon\www\Music_Player\system\BaseModel.php(624): CodeIgniter\Model->doFindAll(0, 0)
#5 C:\laragon\www\Music_Player\app\Controllers\MusicController.php(13): CodeIgniter\BaseModel->findAll()
#6 C:\laragon\www\Music_Player\system\CodeIgniter.php(919): App\Controllers\MusicController->index()
#7 C:\laragon\www\Music_Player\system\CodeIgniter.php(494): CodeIgniter\CodeIgniter->runController(Object(App\Controllers\MusicController))
#8 C:\laragon\www\Music_Player\system\CodeIgniter.php(353): CodeIgniter\CodeIgniter->handleRequest(NULL, Object(Config\Cache), false)
#9 C:\laragon\www\Music_Player\public\index.php(79): CodeIgniter\CodeIgniter->run()
#10 C:\laragon\www\Music_Player\system\Commands\Server\rewrite.php(47): require_once('C:\\laragon\\www\\...')
#11 {main}
CRITICAL - 2023-09-24 10:40:11 --> Unable to connect to the database.
Main connection [MySQLi]: Unknown database 'product'
in SYSTEMPATH\Database\BaseConnection.php on line 427.
 1 SYSTEMPATH\Database\BaseConnection.php(574): CodeIgniter\Database\BaseConnection->initialize()
 2 SYSTEMPATH\Database\BaseBuilder.php(1615): CodeIgniter\Database\BaseConnection->query('SELECT *
FROM `musicplayer`', [], false)
 3 SYSTEMPATH\Model.php(237): CodeIgniter\Database\BaseBuilder->get()
 4 SYSTEMPATH\BaseModel.php(624): CodeIgniter\Model->doFindAll(0, 0)
 5 APPPATH\Controllers\MusicController.php(13): CodeIgniter\BaseModel->findAll()
 6 SYSTEMPATH\CodeIgniter.php(919): App\Controllers\MusicController->index()
 7 SYSTEMPATH\CodeIgniter.php(494): CodeIgniter\CodeIgniter->runController(Object(App\Controllers\MusicController))
 8 SYSTEMPATH\CodeIgniter.php(353): CodeIgniter\CodeIgniter->handleRequest(null, Object(Config\Cache), false)
 9 FCPATH\index.php(79): CodeIgniter\CodeIgniter->run()
10 SYSTEMPATH\Commands\Server\rewrite.php(47): require_once('C:\\laragon\\www\\Music_Player\\public\\index.php')
ERROR - 2023-09-24 10:40:14 --> Error connecting to the database: mysqli_sql_exception: Unknown database 'product' in C:\laragon\www\Music_Player\system\Database\MySQLi\Connection.php:185
Stack trace:
#0 C:\laragon\www\Music_Player\system\Database\MySQLi\Connection.php(185): mysqli->real_connect('localhost', 'root', '', 'product', 3306, '', 0)
#1 C:\laragon\www\Music_Player\system\Database\BaseConnection.php(391): CodeIgniter\Database\MySQLi\Connection->connect(false)
#2 C:\laragon\www\Music_Player\system\Database\BaseConnection.php(574): CodeIgniter\Database\BaseConnection->initialize()
#3 C:\laragon\www\Music_Player\system\Database\BaseBuilder.php(1615): CodeIgniter\Database\BaseConnection->query('SELECT *\nFROM `...', Array, false)
#4 C:\laragon\www\Music_Player\system\Model.php(237): CodeIgniter\Database\BaseBuilder->get()
#5 C:\laragon\www\Music_Player\system\BaseModel.php(624): CodeIgniter\Model->doFindAll(0, 0)
#6 C:\laragon\www\Music_Player\app\Controllers\MusicController.php(13): CodeIgniter\BaseModel->findAll()
#7 C:\laragon\www\Music_Player\system\CodeIgniter.php(919): App\Controllers\MusicController->index()
#8 C:\laragon\www\Music_Player\system\CodeIgniter.php(494): CodeIgniter\CodeIgniter->runController(Object(App\Controllers\MusicController))
#9 C:\laragon\www\Music_Player\system\CodeIgniter.php(353): CodeIgniter\CodeIgniter->handleRequest(NULL, Object(Config\Cache), false)
#10 C:\laragon\www\Music_Player\public\index.php(79): CodeIgniter\CodeIgniter->run()
#11 C:\laragon\www\Music_Player\system\Commands\Server\rewrite.php(47): require_once('C:\\laragon\\www\\...')
#12 {main}

Next CodeIgniter\Database\Exceptions\DatabaseException: Unknown database 'product' in C:\laragon\www\Music_Player\system\Database\MySQLi\Connection.php:229
Stack trace:
#0 C:\laragon\www\Music_Player\system\Database\BaseConnection.php(391): CodeIgniter\Database\MySQLi\Connection->connect(false)
#1 C:\laragon\www\Music_Player\system\Database\BaseConnection.php(574): CodeIgniter\Database\BaseConnection->initialize()
#2 C:\laragon\www\Music_Player\system\Database\BaseBuilder.php(1615): CodeIgniter\Database\BaseConnection->query('SELECT *\nFROM `...', Array, false)
#3 C:\laragon\www\Music_Player\system\Model.php(237): CodeIgniter\Database\BaseBuilder->get()
#4 C:\laragon\www\Music_Player\system\BaseModel.php(624): CodeIgniter\Model->doFindAll(0, 0)
#5 C:\laragon\www\Music_Player\app\Controllers\MusicController.php(13): CodeIgniter\BaseModel->findAll()
#6 C:\laragon\www\Music_Player\system\CodeIgniter.php(919): App\Controllers\MusicController->index()
#7 C:\laragon\www\Music_Player\system\CodeIgniter.php(494): CodeIgniter\CodeIgniter->runController(Object(App\Controllers\MusicController))
#8 C:\laragon\www\Music_Player\system\CodeIgniter.php(353): CodeIgniter\CodeIgniter->handleRequest(NULL, Object(Config\Cache), false)
#9 C:\laragon\www\Music_Player\public\index.php(79): CodeIgniter\CodeIgniter->run()
#10 C:\laragon\www\Music_Player\system\Commands\Server\rewrite.php(47): require_once('C:\\laragon\\www\\...')
#11 {main}
CRITICAL - 2023-09-24 10:40:14 --> Unable to connect to the database.
Main connection [MySQLi]: Unknown database 'product'
in SYSTEMPATH\Database\BaseConnection.php on line 427.
 1 SYSTEMPATH\Database\BaseConnection.php(574): CodeIgniter\Database\BaseConnection->initialize()
 2 SYSTEMPATH\Database\BaseBuilder.php(1615): CodeIgniter\Database\BaseConnection->query('SELECT *
FROM `musicplayer`', [], false)
 3 SYSTEMPATH\Model.php(237): CodeIgniter\Database\BaseBuilder->get()
 4 SYSTEMPATH\BaseModel.php(624): CodeIgniter\Model->doFindAll(0, 0)
 5 APPPATH\Controllers\MusicController.php(13): CodeIgniter\BaseModel->findAll()
 6 SYSTEMPATH\CodeIgniter.php(919): App\Controllers\MusicController->index()
 7 SYSTEMPATH\CodeIgniter.php(494): CodeIgniter\CodeIgniter->runController(Object(App\Controllers\MusicController))
 8 SYSTEMPATH\CodeIgniter.php(353): CodeIgniter\CodeIgniter->handleRequest(null, Object(Config\Cache), false)
 9 FCPATH\index.php(79): CodeIgniter\CodeIgniter->run()
10 SYSTEMPATH\Commands\Server\rewrite.php(47): require_once('C:\\laragon\\www\\Music_Player\\public\\index.php')
CRITICAL - 2023-09-24 10:53:56 --> Undefined variable $music
in APPPATH\Views\music_player.php on line 97.
 1 APPPATH\Views\music_player.php(97): CodeIgniter\Debug\Exceptions->errorHandler(2, 'Undefined variable $music', 'C:\\laragon\\www\\Music_Player\\app\\Views\\music_player.php', 97)
 2 SYSTEMPATH\View\View.php(226): include('C:\\laragon\\www\\Music_Player\\app\\Views\\music_player.php')
 3 SYSTEMPATH\View\View.php(229): CodeIgniter\View\View->CodeIgniter\View\{closure}()
 4 SYSTEMPATH\Common.php(1188): CodeIgniter\View\View->render('music_player', [], true)
 5 APPPATH\Controllers\MusicController.php(15): view('music_player', [...])
 6 SYSTEMPATH\CodeIgniter.php(919): App\Controllers\MusicController->index()
 7 SYSTEMPATH\CodeIgniter.php(494): CodeIgniter\CodeIgniter->runController(Object(App\Controllers\MusicController))
 8 SYSTEMPATH\CodeIgniter.php(353): CodeIgniter\CodeIgniter->handleRequest(null, Object(Config\Cache), false)
 9 FCPATH\index.php(79): CodeIgniter\CodeIgniter->run()
10 SYSTEMPATH\Commands\Server\rewrite.php(47): require_once('C:\\laragon\\www\\Music_Player\\public\\index.php')
CRITICAL - 2023-09-24 10:59:43 --> Undefined variable $mus
in APPPATH\Views\music_player.php on line 95.
 1 APPPATH\Views\music_player.php(95): CodeIgniter\Debug\Exceptions->errorHandler(2, 'Undefined variable $mus', 'C:\\laragon\\www\\Music_Player\\app\\Views\\music_player.php', 95)
 2 SYSTEMPATH\View\View.php(226): include('C:\\laragon\\www\\Music_Player\\app\\Views\\music_player.php')
 3 SYSTEMPATH\View\View.php(229): CodeIgniter\View\View->CodeIgniter\View\{closure}()
 4 SYSTEMPATH\Common.php(1188): CodeIgniter\View\View->render('music_player', [], true)
 5 APPPATH\Controllers\MusicController.php(15): view('music_player', [...])
 6 SYSTEMPATH\CodeIgniter.php(919): App\Controllers\MusicController->index()
 7 SYSTEMPATH\CodeIgniter.php(494): CodeIgniter\CodeIgniter->runController(Object(App\Controllers\MusicController))
 8 SYSTEMPATH\CodeIgniter.php(353): CodeIgniter\CodeIgniter->handleRequest(null, Object(Config\Cache), false)
 9 FCPATH\index.php(79): CodeIgniter\CodeIgniter->run()
10 SYSTEMPATH\Commands\Server\rewrite.php(47): require_once('C:\\laragon\\www\\Music_Player\\public\\index.php')
CRITICAL - 2023-09-24 11:01:07 --> Undefined variable $mus
in APPPATH\Views\music_player.php on line 95.
 1 APPPATH\Views\music_player.php(95): CodeIgniter\Debug\Exceptions->errorHandler(2, 'Undefined variable $mus', 'C:\\laragon\\www\\Music_Player\\app\\Views\\music_player.php', 95)
 2 SYSTEMPATH\View\View.php(226): include('C:\\laragon\\www\\Music_Player\\app\\Views\\music_player.php')
 3 SYSTEMPATH\View\View.php(229): CodeIgniter\View\View->CodeIgniter\View\{closure}()
 4 SYSTEMPATH\Common.php(1188): CodeIgniter\View\View->render('music_player', [], true)
 5 APPPATH\Controllers\MusicController.php(15): view('music_player', [...])
 6 SYSTEMPATH\CodeIgniter.php(919): App\Controllers\MusicController->index()
 7 SYSTEMPATH\CodeIgniter.php(494): CodeIgniter\CodeIgniter->runController(Object(App\Controllers\MusicController))
 8 SYSTEMPATH\CodeIgniter.php(353): CodeIgniter\CodeIgniter->handleRequest(null, Object(Config\Cache), false)
 9 FCPATH\index.php(79): CodeIgniter\CodeIgniter->run()
10 SYSTEMPATH\Commands\Server\rewrite.php(47): require_once('C:\\laragon\\www\\Music_Player\\public\\index.php')
CRITICAL - 2023-09-24 11:01:55 --> Undefined variable $mus
in APPPATH\Views\music_player.php on line 95.
 1 APPPATH\Views\music_player.php(95): CodeIgniter\Debug\Exceptions->errorHandler(2, 'Undefined variable $mus', 'C:\\laragon\\www\\Music_Player\\app\\Views\\music_player.php', 95)
 2 SYSTEMPATH\View\View.php(226): include('C:\\laragon\\www\\Music_Player\\app\\Views\\music_player.php')
 3 SYSTEMPATH\View\View.php(229): CodeIgniter\View\View->CodeIgniter\View\{closure}()
 4 SYSTEMPATH\Common.php(1188): CodeIgniter\View\View->render('music_player', [], true)
 5 APPPATH\Controllers\MusicController.php(15): view('music_player', [...])
 6 SYSTEMPATH\CodeIgniter.php(919): App\Controllers\MusicController->index()
 7 SYSTEMPATH\CodeIgniter.php(494): CodeIgniter\CodeIgniter->runController(Object(App\Controllers\MusicController))
 8 SYSTEMPATH\CodeIgniter.php(353): CodeIgniter\CodeIgniter->handleRequest(null, Object(Config\Cache), false)
 9 FCPATH\index.php(79): CodeIgniter\CodeIgniter->run()
10 SYSTEMPATH\Commands\Server\rewrite.php(47): require_once('C:\\laragon\\www\\Music_Player\\public\\index.php')
CRITICAL - 2023-09-24 11:02:10 --> Undefined variable $mus
in APPPATH\Views\music_player.php on line 95.
 1 APPPATH\Views\music_player.php(95): CodeIgniter\Debug\Exceptions->errorHandler(2, 'Undefined variable $mus', 'C:\\laragon\\www\\Music_Player\\app\\Views\\music_player.php', 95)
 2 SYSTEMPATH\View\View.php(226): include('C:\\laragon\\www\\Music_Player\\app\\Views\\music_player.php')
 3 SYSTEMPATH\View\View.php(229): CodeIgniter\View\View->CodeIgniter\View\{closure}()
 4 SYSTEMPATH\Common.php(1188): CodeIgniter\View\View->render('music_player', [], true)
 5 APPPATH\Controllers\MusicController.php(15): view('music_player', [...])
 6 SYSTEMPATH\CodeIgniter.php(919): App\Controllers\MusicController->index()
 7 SYSTEMPATH\CodeIgniter.php(494): CodeIgniter\CodeIgniter->runController(Object(App\Controllers\MusicController))
 8 SYSTEMPATH\CodeIgniter.php(353): CodeIgniter\CodeIgniter->handleRequest(null, Object(Config\Cache), false)
 9 FCPATH\index.php(79): CodeIgniter\CodeIgniter->run()
10 SYSTEMPATH\Commands\Server\rewrite.php(47): require_once('C:\\laragon\\www\\Music_Player\\public\\index.php')
ERROR - 2023-09-24 14:09:19 --> Error connecting to the database: mysqli_sql_exception: Unknown database 'musicplaylist' in C:\laragon\www\Music_Player\system\Database\MySQLi\Connection.php:185
Stack trace:
#0 C:\laragon\www\Music_Player\system\Database\MySQLi\Connection.php(185): mysqli->real_connect('localhost', 'root', '', 'musicplaylist', 3306, '', 0)
#1 C:\laragon\www\Music_Player\system\Database\BaseConnection.php(391): CodeIgniter\Database\MySQLi\Connection->connect(false)
#2 C:\laragon\www\Music_Player\system\Database\BaseConnection.php(574): CodeIgniter\Database\BaseConnection->initialize()
#3 C:\laragon\www\Music_Player\system\Database\BaseBuilder.php(1615): CodeIgniter\Database\BaseConnection->query('SELECT *\nFROM `...', Array, false)
#4 C:\laragon\www\Music_Player\system\Model.php(237): CodeIgniter\Database\BaseBuilder->get()
#5 C:\laragon\www\Music_Player\system\BaseModel.php(624): CodeIgniter\Model->doFindAll(0, 0)
#6 C:\laragon\www\Music_Player\app\Controllers\MusicController.php(13): CodeIgniter\BaseModel->findAll()
#7 C:\laragon\www\Music_Player\system\CodeIgniter.php(919): App\Controllers\MusicController->index()
#8 C:\laragon\www\Music_Player\system\CodeIgniter.php(494): CodeIgniter\CodeIgniter->runController(Object(App\Controllers\MusicController))
#9 C:\laragon\www\Music_Player\system\CodeIgniter.php(353): CodeIgniter\CodeIgniter->handleRequest(NULL, Object(Config\Cache), false)
#10 C:\laragon\www\Music_Player\public\index.php(79): CodeIgniter\CodeIgniter->run()
#11 C:\laragon\www\Music_Player\system\Commands\Server\rewrite.php(47): require_once('C:\\laragon\\www\\...')
#12 {main}

Next CodeIgniter\Database\Exceptions\DatabaseException: Unknown database 'musicplaylist' in C:\laragon\www\Music_Player\system\Database\MySQLi\Connection.php:229
Stack trace:
#0 C:\laragon\www\Music_Player\system\Database\BaseConnection.php(391): CodeIgniter\Database\MySQLi\Connection->connect(false)
#1 C:\laragon\www\Music_Player\system\Database\BaseConnection.php(574): CodeIgniter\Database\BaseConnection->initialize()
#2 C:\laragon\www\Music_Player\system\Database\BaseBuilder.php(1615): CodeIgniter\Database\BaseConnection->query('SELECT *\nFROM `...', Array, false)
#3 C:\laragon\www\Music_Player\system\Model.php(237): CodeIgniter\Database\BaseBuilder->get()
#4 C:\laragon\www\Music_Player\system\BaseModel.php(624): CodeIgniter\Model->doFindAll(0, 0)
#5 C:\laragon\www\Music_Player\app\Controllers\MusicController.php(13): CodeIgniter\BaseModel->findAll()
#6 C:\laragon\www\Music_Player\system\CodeIgniter.php(919): App\Controllers\MusicController->index()
#7 C:\laragon\www\Music_Player\system\CodeIgniter.php(494): CodeIgniter\CodeIgniter->runController(Object(App\Controllers\MusicController))
#8 C:\laragon\www\Music_Player\system\CodeIgniter.php(353): CodeIgniter\CodeIgniter->handleRequest(NULL, Object(Config\Cache), false)
#9 C:\laragon\www\Music_Player\public\index.php(79): CodeIgniter\CodeIgniter->run()
#10 C:\laragon\www\Music_Player\system\Commands\Server\rewrite.php(47): require_once('C:\\laragon\\www\\...')
#11 {main}
CRITICAL - 2023-09-24 14:09:19 --> Unable to connect to the database.
Main connection [MySQLi]: Unknown database 'musicplaylist'
in SYSTEMPATH\Database\BaseConnection.php on line 427.
 1 SYSTEMPATH\Database\BaseConnection.php(574): CodeIgniter\Database\BaseConnection->initialize()
 2 SYSTEMPATH\Database\BaseBuilder.php(1615): CodeIgniter\Database\BaseConnection->query('SELECT *
FROM `cd_player`', [], false)
 3 SYSTEMPATH\Model.php(237): CodeIgniter\Database\BaseBuilder->get()
 4 SYSTEMPATH\BaseModel.php(624): CodeIgniter\Model->doFindAll(0, 0)
 5 APPPATH\Controllers\MusicController.php(13): CodeIgniter\BaseModel->findAll()
 6 SYSTEMPATH\CodeIgniter.php(919): App\Controllers\MusicController->index()
 7 SYSTEMPATH\CodeIgniter.php(494): CodeIgniter\CodeIgniter->runController(Object(App\Controllers\MusicController))
 8 SYSTEMPATH\CodeIgniter.php(353): CodeIgniter\CodeIgniter->handleRequest(null, Object(Config\Cache), false)
 9 FCPATH\index.php(79): CodeIgniter\CodeIgniter->run()
10 SYSTEMPATH\Commands\Server\rewrite.php(47): require_once('C:\\laragon\\www\\Music_Player\\public\\index.php')
